<?xml version="1.0" encoding="UTF-8"?>
<testng-results ignored="0" total="1" passed="1" failed="0" skipped="0">
  <reporter-output>
  </reporter-output>
  <suite started-at="2024-05-08T22:27:28 IST" name="Suite" finished-at="2024-05-08T22:31:32 IST" duration-ms="244193">
    <groups>
    </groups>
    <test started-at="2024-05-08T22:27:28 IST" name="Login" finished-at="2024-05-08T22:31:32 IST" duration-ms="244193">
      <class name="com.cases.Login">
        <test-method is-config="true" signature="initialize()[pri:0, instance:com.cases.Login@c41709a]" started-at="2024-05-08T22:27:28 IST" name="initialize" finished-at="2024-05-08T22:31:13 IST" duration-ms="224832" status="PASS">
          <reporter-output>
          </reporter-output>
        </test-method> <!-- initialize -->
        <test-method signature="performLogin()[pri:0, instance:com.cases.Login@c41709a]" started-at="2024-05-08T22:31:13 IST" name="performLogin" finished-at="2024-05-08T22:31:28 IST" duration-ms="15837" status="PASS">
          <reporter-output>
          </reporter-output>
        </test-method> <!-- performLogin -->
        <test-method is-config="true" signature="teardown()[pri:0, instance:com.cases.Login@c41709a]" started-at="2024-05-08T22:31:28 IST" name="teardown" finished-at="2024-05-08T22:31:32 IST" duration-ms="3458" status="PASS">
          <reporter-output>
          </reporter-output>
        </test-method> <!-- teardown -->
      </class> <!-- com.cases.Login -->
    </test> <!-- Login -->
  </suite> <!-- Suite -->
</testng-results>
